Using pre-set license
Built from '2022.3/staging' branch; Version is '2022.3.26f1 (ec6cd8118806) revision 15494360'; Using compiler version '192829333'; Build Type 'Release'
OS: 'Windows 11  (10.0.22631) 64bit Professional' Language: 'ru' Physical Memory: 32445 MB
BatchMode: 1, IsHumanControllingUs: 0, StartBugReporterOnCrash: 0, Is64bit: 1, IsPro: 1

COMMAND LINE ARGUMENTS:
C:\Program Files\Unity\Hub\Editor\2022.3.26f1\Editor\Unity.exe
-adb2
-batchMode
-noUpm
-name
AssetImportWorker1
-projectPath
C:/Users/NIKITA-PC/Desktop/AlarmSystem
-logFile
Logs/AssetImportWorker1.log
-srvPort
53274
Successfully changed project path to: C:/Users/NIKITA-PC/Desktop/AlarmSystem
C:/Users/NIKITA-PC/Desktop/AlarmSystem
[UnityMemory] Configuration Parameters - Can be set up in boot.config
    "memorysetup-bucket-allocator-granularity=16"
    "memorysetup-bucket-allocator-bucket-count=8"
    "memorysetup-bucket-allocator-block-size=33554432"
    "memorysetup-bucket-allocator-block-count=8"
    "memorysetup-main-allocator-block-size=16777216"
    "memorysetup-thread-allocator-block-size=16777216"
    "memorysetup-gfx-main-allocator-block-size=16777216"
    "memorysetup-gfx-thread-allocator-block-size=16777216"
    "memorysetup-cache-allocator-block-size=4194304"
    "memorysetup-typetree-allocator-block-size=2097152"
    "memorysetup-profiler-bucket-allocator-granularity=16"
    "memorysetup-profiler-bucket-allocator-bucket-count=8"
    "memorysetup-profiler-bucket-allocator-block-size=33554432"
    "memorysetup-profiler-bucket-allocator-block-count=8"
    "memorysetup-profiler-allocator-block-size=16777216"
    "memorysetup-profiler-editor-allocator-block-size=1048576"
    "memorysetup-temp-allocator-size-main=16777216"
    "memorysetup-job-temp-allocator-block-size=2097152"
    "memorysetup-job-temp-allocator-block-size-background=1048576"
    "memorysetup-job-temp-allocator-reduction-small-platforms=262144"
    "memorysetup-allocator-temp-initial-block-size-main=262144"
    "memorysetup-allocator-temp-initial-block-size-worker=262144"
    "memorysetup-temp-allocator-size-background-worker=32768"
    "memorysetup-temp-allocator-size-job-worker=262144"
    "memorysetup-temp-allocator-size-preload-manager=33554432"
    "memorysetup-temp-allocator-size-nav-mesh-worker=65536"
    "memorysetup-temp-allocator-size-audio-worker=65536"
    "memorysetup-temp-allocator-size-cloud-worker=32768"
    "memorysetup-temp-allocator-size-gi-baking-worker=262144"
    "memorysetup-temp-allocator-size-gfx=262144"
Player connection [16916] Host "[IP] 192.168.0.120 [Port] 0 [Flags] 2 [Guid] 3568929089 [EditorId] 3568929089 [Version] 1048832 [Id] WindowsEditor(7,DESKTOP-CJOA77H) [Debug] 1 [PackageName] WindowsEditor [ProjectName] Editor" joined multi-casting on [225.0.0.222:54997]...

Player connection [16916] Host "[IP] 192.168.0.120 [Port] 0 [Flags] 2 [Guid] 3568929089 [EditorId] 3568929089 [Version] 1048832 [Id] WindowsEditor(7,DESKTOP-CJOA77H) [Debug] 1 [PackageName] WindowsEditor [ProjectName] Editor" joined alternative multi-casting on [225.0.0.222:34997]...

[Physics::Module] Initialized MultithreadedJobDispatcher with 31 workers.
Refreshing native plugins compatible for Editor in 6.25 ms, found 3 plugins.
Preloading 0 native plugins for Editor in 0.00 ms.
Initialize engine version: 2022.3.26f1 (ec6cd8118806)
[Subsystems] Discovering subsystems at path C:/Program Files/Unity/Hub/Editor/2022.3.26f1/Editor/Data/Resources/UnitySubsystems
[Subsystems] Discovering subsystems at path C:/Users/NIKITA-PC/Desktop/AlarmSystem/Assets
GfxDevice: creating device client; threaded=0; jobified=0
Direct3D:
    Version:  Direct3D 11.0 [level 11.1]
    Renderer: NVIDIA GeForce RTX 4090 (ID=0x2684)
    Vendor:   NVIDIA
    VRAM:     24142 MB
    Driver:   31.0.15.5222
Initialize mono
Mono path[0] = 'C:/Program Files/Unity/Hub/Editor/2022.3.26f1/Editor/Data/Managed'
Mono path[1] = 'C:/Program Files/Unity/Hub/Editor/2022.3.26f1/Editor/Data/MonoBleedingEdge/lib/mono/unityjit-win32'
Mono config path = 'C:/Program Files/Unity/Hub/Editor/2022.3.26f1/Editor/Data/MonoBleedingEdge/etc'
Using monoOptions --debugger-agent=transport=dt_socket,embedding=1,server=y,suspend=n,address=127.0.0.1:56700
Begin MonoManager ReloadAssembly
Registering precompiled unity dll's ...
Register platform support module: C:/Program Files/Unity/Hub/Editor/2022.3.26f1/Editor/Data/PlaybackEngines/AndroidPlayer/UnityEditor.Android.Extensions.dll
Register platform support module: C:/Program Files/Unity/Hub/Editor/2022.3.26f1/Editor/Data/PlaybackEngines/iOSSupport/UnityEditor.iOS.Extensions.dll
Register platform support module: C:/Program Files/Unity/Hub/Editor/2022.3.26f1/Editor/Data/PlaybackEngines/WindowsStandaloneSupport/UnityEditor.WindowsStandalone.Extensions.dll
Registered in 0.004885 seconds.
- Loaded All Assemblies, in  0.201 seconds
Native extension for WindowsStandalone target not found
[usbmuxd] Start listen thread
[usbmuxd] Listen thread started
[usbmuxd] Send listen message
Native extension for iOS target not found
Native extension for Android target not found
Android Extension - Scanning For ADB Devices 124 ms
Mono: successfully reloaded assembly
- Finished resetting the current domain, in  0.312 seconds
Domain Reload Profiling: 512ms
	BeginReloadAssembly (62ms)
		ExecutionOrderSort (0ms)
		DisableScriptedObjects (0ms)
		BackupInstance (0ms)
		ReleaseScriptingObjects (0ms)
		CreateAndSetChildDomain (0ms)
	RebuildCommonClasses (19ms)
	RebuildNativeTypeToScriptingClass (6ms)
	initialDomainReloadingComplete (33ms)
	LoadAllAssembliesAndSetupDomain (80ms)
		LoadAssemblies (61ms)
		RebuildTransferFunctionScriptingTraits (0ms)
		AnalyzeDomain (79ms)
			TypeCache.Refresh (78ms)
				TypeCache.ScanAssembly (70ms)
			ScanForSourceGeneratedMonoScriptInfo (0ms)
			ResolveRequiredComponents (0ms)
	FinalizeReload (312ms)
		ReleaseScriptCaches (0ms)
		RebuildScriptCaches (0ms)
		SetupLoadedEditorAssemblies (281ms)
			LogAssemblyErrors (0ms)
			InitializePlatformSupportModulesInManaged (192ms)
			SetLoadedEditorAssemblies (2ms)
			RefreshPlugins (0ms)
			BeforeProcessingInitializeOnLoad (1ms)
			ProcessInitializeOnLoadAttributes (61ms)
			ProcessInitializeOnLoadMethodAttributes (24ms)
			AfterProcessingInitializeOnLoad (0ms)
			EditorAssembliesLoaded (0ms)
		ExecutionOrderSort2 (0ms)
		AwakeInstancesAfterBackupRestoration (0ms)
========================================================================
Worker process is ready to serve import requests
Begin MonoManager ReloadAssembly
- Loaded All Assemblies, in  0.347 seconds
Refreshing native plugins compatible for Editor in 1.61 ms, found 3 plugins.
Native extension for WindowsStandalone target not found
Native extension for iOS target not found
Native extension for Android target not found
Package Manager log level set to [2]
[Package Manager] Server::EnsureServerProcessIsRunning -- launch failed, reason: Unity was launched with the -noUpm command-line argument
[Package Manager] UpmClient::Send -- Unable to send message (not connected to UPM process).
[Package Manager] Cannot connect to Unity Package Manager local server
Mono: successfully reloaded assembly
- Finished resetting the current domain, in  0.318 seconds
Domain Reload Profiling: 663ms
	BeginReloadAssembly (77ms)
		ExecutionOrderSort (0ms)
		DisableScriptedObjects (3ms)
		BackupInstance (0ms)
		ReleaseScriptingObjects (0ms)
		CreateAndSetChildDomain (12ms)
	RebuildCommonClasses (18ms)
	RebuildNativeTypeToScriptingClass (6ms)
	initialDomainReloadingComplete (24ms)
	LoadAllAssembliesAndSetupDomain (221ms)
		LoadAssemblies (163ms)
		RebuildTransferFunctionScriptingTraits (0ms)
		AnalyzeDomain (102ms)
			TypeCache.Refresh (92ms)
				TypeCache.ScanAssembly (82ms)
			ScanForSourceGeneratedMonoScriptInfo (7ms)
			ResolveRequiredComponents (2ms)
	FinalizeReload (318ms)
		ReleaseScriptCaches (0ms)
		RebuildScriptCaches (0ms)
		SetupLoadedEditorAssemblies (237ms)
			LogAssemblyErrors (0ms)
			InitializePlatformSupportModulesInManaged (20ms)
			SetLoadedEditorAssemblies (2ms)
			RefreshPlugins (0ms)
			BeforeProcessingInitializeOnLoad (32ms)
			ProcessInitializeOnLoadAttributes (168ms)
			ProcessInitializeOnLoadMethodAttributes (12ms)
			AfterProcessingInitializeOnLoad (4ms)
			EditorAssembliesLoaded (0ms)
		ExecutionOrderSort2 (0ms)
		AwakeInstancesAfterBackupRestoration (5ms)
Launched and connected shader compiler UnityShaderCompiler.exe after 0.02 seconds
Refreshing native plugins compatible for Editor in 1.67 ms, found 3 plugins.
Preloading 0 native plugins for Editor in 0.00 ms.
Unloading 3095 Unused Serialized files (Serialized files now loaded: 0)
Unloading 33 unused Assets / (57.5 KB). Loaded Objects now: 3558.
Memory consumption went from 127.9 MB to 127.8 MB.
Total: 1.739800 ms (FindLiveObjects: 0.128900 ms CreateObjectMapping: 0.032900 ms MarkObjects: 1.513200 ms  DeleteObjects: 0.064200 ms)

AssetImportParameters requested are different than current active one (requested -> active):
  custom:container-demuxer-ogg: 62fdf1f143b41e24485cea50d1cbac27 -> 
  custom:video-codec-MediaFoundation-h265: 746d11721c4dcdbdad8f713fa42b33f4 -> 
  custom:video-decoder-ogg-theora: a1e56fd34408186e4bbccfd4996cb3dc -> 
  custom:framework-win-MediaFoundation: 216162199b28c13a410421893ffa2e32 -> 
  custom:CustomObjectIndexerAttribute: 9a22284fe3817be447336de3de66b15e -> 
  custom:container-demuxer-webm: 4f35f7cbe854078d1ac9338744f61a02 -> 
  custom:container-muxer-webm: aa71ff27fc2769a1b78a27578f13a17b -> 
  custom:video-decoder-webm-vp8: 9c59270c3fd7afecdb556c50c9e8de78 -> 
  custom:SearchIndexIgnoredProperties: e643bd26f0fe6173181afceb89e7c659 -> 
  custom:AudioImporter_EditorPlatform: d09bf68614088b80899f8185d706f6e7 -> 
  custom:video-encoder-webm-vp8: eb34c28f22e8b96e1ab97ce403110664 -> 
  custom:audio-decoder-ogg-vorbis: bf7c407c2cedff20999df2af8eb42d56 -> 
  custom:audio-encoder-webm-vorbis: bf7c407c2cedff20999df2af8eb42d56 -> 
========================================================================
Received Import Request.
  Time since last request: 144394.062689 seconds.
  path: Assets/brick_home.glb
  artifactKey: Guid(af828a16b217467499957f1d7673c12a) Importer(815301076,1909f56bfc062723c751e8b465ee728b)
Start importing Assets/brick_home.glb using Guid(af828a16b217467499957f1d7673c12a) Importer(815301076,1909f56bfc062723c751e8b465ee728b)  -> (artifact id: '926357a63de9c208546f9e49904c83ba') in 0.006858 seconds
Number of updated asset objects reloaded before import = 0
Number of asset objects unloaded after import = 1
========================================================================
Received Import Request.
  Time since last request: 1730.620549 seconds.
  path: Assets/ModularHousePack1/Prefabs/Houses/House2.prefab
  artifactKey: Guid(7b8fc01bfac75b642b0bc546ab21c6c1) Importer(815301076,1909f56bfc062723c751e8b465ee728b)
Start importing Assets/ModularHousePack1/Prefabs/Houses/House2.prefab using Guid(7b8fc01bfac75b642b0bc546ab21c6c1) Importer(815301076,1909f56bfc062723c751e8b465ee728b)  -> (artifact id: 'e63de6a9df2636e0866b963a7fd80404') in 0.930378 seconds
Number of updated asset objects reloaded before import = 0
Number of asset objects unloaded after import = 5232
========================================================================
Received Import Request.
  Time since last request: 0.000014 seconds.
  path: Assets/ModularHousePack1/Prefabs/Houses/House4.prefab
  artifactKey: Guid(4777a8928b5c97d4598964909c8a1223) Importer(815301076,1909f56bfc062723c751e8b465ee728b)
Start importing Assets/ModularHousePack1/Prefabs/Houses/House4.prefab using Guid(4777a8928b5c97d4598964909c8a1223) Importer(815301076,1909f56bfc062723c751e8b465ee728b)  -> (artifact id: '89155fcd54d2f3739525268ea7d8ec4b') in 0.118294 seconds
Number of updated asset objects reloaded before import = 0
Number of asset objects unloaded after import = 7963
========================================================================
Received Import Request.
  Time since last request: 0.000024 seconds.
  path: Assets/ModularHousePack1/Prefabs/Houses/House8.prefab
  artifactKey: Guid(71adca0decb8bcc49aacf03ce0eba097) Importer(815301076,1909f56bfc062723c751e8b465ee728b)
Start importing Assets/ModularHousePack1/Prefabs/Houses/House8.prefab using Guid(71adca0decb8bcc49aacf03ce0eba097) Importer(815301076,1909f56bfc062723c751e8b465ee728b)  -> (artifact id: '59083d829dd1f37961435a40d6820d14') in 0.109765 seconds
Number of updated asset objects reloaded before import = 0
Number of asset objects unloaded after import = 8308
========================================================================
Received Import Request.
  Time since last request: 2133.084780 seconds.
  path: Assets/New Terrain 1.asset
  artifactKey: Guid(9246c04d3f22bc44ebf573c17cc0a0c6) Importer(815301076,1909f56bfc062723c751e8b465ee728b)
Start importing Assets/New Terrain 1.asset using Guid(9246c04d3f22bc44ebf573c17cc0a0c6) Importer(815301076,1909f56bfc062723c751e8b465ee728b)  -> (artifact id: '8feac3b573997a6dba515d922fbe10b6') in 0.005165 seconds
Number of updated asset objects reloaded before import = 0
Number of asset objects unloaded after import = 1
========================================================================
Received Import Request.
  Time since last request: 123.315949 seconds.
  path: Assets/ModularHousePack1/Art/Textures/AO_Asphalt_001.png
  artifactKey: Guid(1ad75d4d0959f6e44b35b38a5c2854aa) Importer(815301076,1909f56bfc062723c751e8b465ee728b)
Start importing Assets/ModularHousePack1/Art/Textures/AO_Asphalt_001.png using Guid(1ad75d4d0959f6e44b35b38a5c2854aa) Importer(815301076,1909f56bfc062723c751e8b465ee728b)  -> (artifact id: '96cd1519d47ace4070dd4938c51f8614') in 0.020727 seconds
Number of updated asset objects reloaded before import = 0
Number of asset objects unloaded after import = 2
========================================================================
Received Import Request.
  Time since last request: 0.002561 seconds.
  path: Assets/ModularHousePack1/Art/Textures/AO_Concrete_002.png
  artifactKey: Guid(d6f8ce128c159a64e8407422576fa504) Importer(815301076,1909f56bfc062723c751e8b465ee728b)
Start importing Assets/ModularHousePack1/Art/Textures/AO_Concrete_002.png using Guid(d6f8ce128c159a64e8407422576fa504) Importer(815301076,1909f56bfc062723c751e8b465ee728b)  -> (artifact id: 'b38280d387515b70e030779afec5a95a') in 0.013465 seconds
Number of updated asset objects reloaded before import = 0
Number of asset objects unloaded after import = 2
========================================================================
Received Import Request.
  Time since last request: 0.005702 seconds.
  path: Assets/ModularHousePack1/Art/Textures/BC_Asphalt_001.png
  artifactKey: Guid(7b14802af7044314eabe42de33f24ad2) Importer(815301076,1909f56bfc062723c751e8b465ee728b)
Start importing Assets/ModularHousePack1/Art/Textures/BC_Asphalt_001.png using Guid(7b14802af7044314eabe42de33f24ad2) Importer(815301076,1909f56bfc062723c751e8b465ee728b)  -> (artifact id: '341b4d5fe625cad665bbad4299dc9086') in 0.014654 seconds
Number of updated asset objects reloaded before import = 0
Number of asset objects unloaded after import = 2
========================================================================
Received Import Request.
  Time since last request: 0.000016 seconds.
  path: Assets/ModularHousePack1/Art/Textures/Nr_T_Marble_001.png
  artifactKey: Guid(23759636149b81a4eaf8e8e30a9acf2c) Importer(815301076,1909f56bfc062723c751e8b465ee728b)
Start importing Assets/ModularHousePack1/Art/Textures/Nr_T_Marble_001.png using Guid(23759636149b81a4eaf8e8e30a9acf2c) Importer(815301076,1909f56bfc062723c751e8b465ee728b)  -> (artifact id: 'c6e087433774d1629f2520f4ed2af2ef') in 0.024606 seconds
Number of updated asset objects reloaded before import = 0
Number of asset objects unloaded after import = 2
========================================================================
Received Import Request.
  Time since last request: 0.000021 seconds.
  path: Assets/ModularHousePack1/Art/Textures/Nr_Plaster_001.png
  artifactKey: Guid(79c7158e6a7f8b9478beaa62505ec9ff) Importer(815301076,1909f56bfc062723c751e8b465ee728b)
Start importing Assets/ModularHousePack1/Art/Textures/Nr_Plaster_001.png using Guid(79c7158e6a7f8b9478beaa62505ec9ff) Importer(815301076,1909f56bfc062723c751e8b465ee728b)  -> (artifact id: 'aaf09e3f062e51828bb5d2134354c87c') in 0.012633 seconds
Number of updated asset objects reloaded before import = 0
Number of asset objects unloaded after import = 2
========================================================================
Received Import Request.
  Time since last request: 0.000014 seconds.
  path: Assets/ModularHousePack1/Art/Textures/BC_Marble_002.png
  artifactKey: Guid(77372ccf8da3b75479190d0df58b5f10) Importer(815301076,1909f56bfc062723c751e8b465ee728b)
Start importing Assets/ModularHousePack1/Art/Textures/BC_Marble_002.png using Guid(77372ccf8da3b75479190d0df58b5f10) Importer(815301076,1909f56bfc062723c751e8b465ee728b)  -> (artifact id: '2ee041e39214712ac6ee5bfaf7a40702') in 0.012617 seconds
Number of updated asset objects reloaded before import = 0
Number of asset objects unloaded after import = 2
========================================================================
Received Import Request.
  Time since last request: 0.000014 seconds.
  path: Assets/ModularHousePack1/Art/Textures/Hg_Wood_007.png
  artifactKey: Guid(306694c50efdef5458b60b7629c1fc29) Importer(815301076,1909f56bfc062723c751e8b465ee728b)
Start importing Assets/ModularHousePack1/Art/Textures/Hg_Wood_007.png using Guid(306694c50efdef5458b60b7629c1fc29) Importer(815301076,1909f56bfc062723c751e8b465ee728b)  -> (artifact id: 'cada2ecfb62dc1d120bba543cc29cc9f') in 0.013164 seconds
Number of updated asset objects reloaded before import = 0
Number of asset objects unloaded after import = 2
========================================================================
Received Import Request.
  Time since last request: 0.000014 seconds.
  path: Assets/ModularHousePack1/Art/Textures/Rg_Grass_001.png
  artifactKey: Guid(cfd46d5cae336fc4a8d6cacd61558209) Importer(815301076,1909f56bfc062723c751e8b465ee728b)
Start importing Assets/ModularHousePack1/Art/Textures/Rg_Grass_001.png using Guid(cfd46d5cae336fc4a8d6cacd61558209) Importer(815301076,1909f56bfc062723c751e8b465ee728b)  -> (artifact id: '453bf056e1c027a8ba62fb9616f7f677') in 0.012206 seconds
Number of updated asset objects reloaded before import = 0
Number of asset objects unloaded after import = 2
========================================================================
Received Import Request.
  Time since last request: 0.000015 seconds.
  path: Assets/ModularHousePack1/Art/Textures/Nr_Plate_001.png
  artifactKey: Guid(4950d3705091c5e4faa8f82fa970ac6b) Importer(815301076,1909f56bfc062723c751e8b465ee728b)
Start importing Assets/ModularHousePack1/Art/Textures/Nr_Plate_001.png using Guid(4950d3705091c5e4faa8f82fa970ac6b) Importer(815301076,1909f56bfc062723c751e8b465ee728b)  -> (artifact id: 'e3a679d6d1e30a16c6256bdbb9de7ae6') in 0.014259 seconds
Number of updated asset objects reloaded before import = 0
Number of asset objects unloaded after import = 2
========================================================================
Received Import Request.
  Time since last request: 0.000014 seconds.
  path: Assets/ModularHousePack1/Art/Textures/Rg_Asphalt_001.png
  artifactKey: Guid(0d0b9aeacfa91f9419c907f364f296b5) Importer(815301076,1909f56bfc062723c751e8b465ee728b)
Start importing Assets/ModularHousePack1/Art/Textures/Rg_Asphalt_001.png using Guid(0d0b9aeacfa91f9419c907f364f296b5) Importer(815301076,1909f56bfc062723c751e8b465ee728b)  -> (artifact id: '4289caf8a0eb668d302ba56479de86cc') in 0.012374 seconds
Number of updated asset objects reloaded before import = 0
Number of asset objects unloaded after import = 2
========================================================================
Received Import Request.
  Time since last request: 0.000015 seconds.
  path: Assets/ModularHousePack1/Art/Textures/BC_Brick_001.png
  artifactKey: Guid(2905fd12182416142a0aa3e9afde20d9) Importer(815301076,1909f56bfc062723c751e8b465ee728b)
Start importing Assets/ModularHousePack1/Art/Textures/BC_Brick_001.png using Guid(2905fd12182416142a0aa3e9afde20d9) Importer(815301076,1909f56bfc062723c751e8b465ee728b)  -> (artifact id: '51bcaeff7aaf1d60511a488f71791013') in 0.011114 seconds
Number of updated asset objects reloaded before import = 0
Number of asset objects unloaded after import = 2
========================================================================
Received Import Request.
  Time since last request: 0.000010 seconds.
  path: Assets/ModularHousePack1/Art/Textures/BC_Iron_001.png
  artifactKey: Guid(228c9378581291a40a60c42fd1075d47) Importer(815301076,1909f56bfc062723c751e8b465ee728b)
Start importing Assets/ModularHousePack1/Art/Textures/BC_Iron_001.png using Guid(228c9378581291a40a60c42fd1075d47) Importer(815301076,1909f56bfc062723c751e8b465ee728b)  -> (artifact id: '2c83b25bc37e33413540b1d3c317abb5') in 0.009524 seconds
Number of updated asset objects reloaded before import = 0
Number of asset objects unloaded after import = 2
========================================================================
Received Import Request.
  Time since last request: 0.000014 seconds.
  path: Assets/ModularHousePack1/Art/Textures/Nr_Tile_003.png
  artifactKey: Guid(4f298e07cc551b5479ece489cab26882) Importer(815301076,1909f56bfc062723c751e8b465ee728b)
Start importing Assets/ModularHousePack1/Art/Textures/Nr_Tile_003.png using Guid(4f298e07cc551b5479ece489cab26882) Importer(815301076,1909f56bfc062723c751e8b465ee728b)  -> (artifact id: 'ad9faa78b176b58a41e765423b39f6e3') in 0.011484 seconds
Number of updated asset objects reloaded before import = 0
Number of asset objects unloaded after import = 2
========================================================================
Received Import Request.
  Time since last request: 0.000011 seconds.
  path: Assets/ModularHousePack1/Art/Textures/AO_Wood_007.png
  artifactKey: Guid(3c0b549f3ec4df543a849a416b1935d7) Importer(815301076,1909f56bfc062723c751e8b465ee728b)
Start importing Assets/ModularHousePack1/Art/Textures/AO_Wood_007.png using Guid(3c0b549f3ec4df543a849a416b1935d7) Importer(815301076,1909f56bfc062723c751e8b465ee728b)  -> (artifact id: '34a94640a054e635b957796958e10fb2') in 0.015502 seconds
Number of updated asset objects reloaded before import = 0
Number of asset objects unloaded after import = 2
========================================================================
Received Import Request.
  Time since last request: 0.000026 seconds.
  path: Assets/ModularHousePack1/Art/Textures/BC_Grass_001.png
  artifactKey: Guid(a4441eaabf9dd1c4f969c33c0f7510f1) Importer(815301076,1909f56bfc062723c751e8b465ee728b)
Start importing Assets/ModularHousePack1/Art/Textures/BC_Grass_001.png using Guid(a4441eaabf9dd1c4f969c33c0f7510f1) Importer(815301076,1909f56bfc062723c751e8b465ee728b)  -> (artifact id: 'a2bb77dd31f9acf4a0f361818e494e17') in 0.011463 seconds
Number of updated asset objects reloaded before import = 0
Number of asset objects unloaded after import = 2
========================================================================
Received Import Request.
  Time since last request: 0.000023 seconds.
  path: Assets/ModularHousePack1/Art/Textures/Nr_Grass_001.png
  artifactKey: Guid(eeb91e4cb5f0cbc4d8c72c86436ab276) Importer(815301076,1909f56bfc062723c751e8b465ee728b)
Start importing Assets/ModularHousePack1/Art/Textures/Nr_Grass_001.png using Guid(eeb91e4cb5f0cbc4d8c72c86436ab276) Importer(815301076,1909f56bfc062723c751e8b465ee728b)  -> (artifact id: 'a6bcd6a4380b13a9c36b79b8095b0c60') in 0.012478 seconds
Number of updated asset objects reloaded before import = 0
Number of asset objects unloaded after import = 2
========================================================================
Received Import Request.
  Time since last request: 0.000010 seconds.
  path: Assets/ModularHousePack1/Art/Textures/Rg_Brick_001.png
  artifactKey: Guid(e530edf51f7fde8409ff8e7335461f24) Importer(815301076,1909f56bfc062723c751e8b465ee728b)
Start importing Assets/ModularHousePack1/Art/Textures/Rg_Brick_001.png using Guid(e530edf51f7fde8409ff8e7335461f24) Importer(815301076,1909f56bfc062723c751e8b465ee728b)  -> (artifact id: '4100c96b18ecbf37ab0506753864d037') in 0.019224 seconds
Number of updated asset objects reloaded before import = 0
Number of asset objects unloaded after import = 2
========================================================================
Received Import Request.
  Time since last request: 0.000015 seconds.
  path: Assets/ModularHousePack1/Art/Textures/Rg_Ext_Tile_001.png
  artifactKey: Guid(9a860a5df7832ac47b6b96e7f7e4d272) Importer(815301076,1909f56bfc062723c751e8b465ee728b)
Start importing Assets/ModularHousePack1/Art/Textures/Rg_Ext_Tile_001.png using Guid(9a860a5df7832ac47b6b96e7f7e4d272) Importer(815301076,1909f56bfc062723c751e8b465ee728b)  -> (artifact id: 'f1c2007fc6b6623915df3a71d94aeba2') in 0.008906 seconds
Number of updated asset objects reloaded before import = 0
Number of asset objects unloaded after import = 2
========================================================================
Received Import Request.
  Time since last request: 0.000009 seconds.
  path: Assets/ModularHousePack1/Art/Textures/BC_T_Marble_001.png
  artifactKey: Guid(4180228025bee374db759278860a1fd0) Importer(815301076,1909f56bfc062723c751e8b465ee728b)
Start importing Assets/ModularHousePack1/Art/Textures/BC_T_Marble_001.png using Guid(4180228025bee374db759278860a1fd0) Importer(815301076,1909f56bfc062723c751e8b465ee728b)  -> (artifact id: 'd6f0b94502e4f40cad76b24f937ba977') in 0.010023 seconds
Number of updated asset objects reloaded before import = 0
Number of asset objects unloaded after import = 2
========================================================================
Received Import Request.
  Time since last request: 0.000043 seconds.
  path: Assets/ModularHousePack1/Art/Textures/BC_Clay_001.png
  artifactKey: Guid(e4f9a6f9924fe604a8f0132fb22f57bc) Importer(815301076,1909f56bfc062723c751e8b465ee728b)
Start importing Assets/ModularHousePack1/Art/Textures/BC_Clay_001.png using Guid(e4f9a6f9924fe604a8f0132fb22f57bc) Importer(815301076,1909f56bfc062723c751e8b465ee728b)  -> (artifact id: '0731ec507b5ea51f33b338e28f5c2b8c') in 0.009612 seconds
Number of updated asset objects reloaded before import = 0
Number of asset objects unloaded after import = 2
========================================================================
Received Import Request.
  Time since last request: 0.000012 seconds.
  path: Assets/ModularHousePack1/Art/Textures/Rg_Iron_002.png
  artifactKey: Guid(90bdb91932b4f35489b33b5081d8eec6) Importer(815301076,1909f56bfc062723c751e8b465ee728b)
Start importing Assets/ModularHousePack1/Art/Textures/Rg_Iron_002.png using Guid(90bdb91932b4f35489b33b5081d8eec6) Importer(815301076,1909f56bfc062723c751e8b465ee728b)  -> (artifact id: 'a16612516fc18efeb95cfacf9e7034a3') in 0.011441 seconds
Number of updated asset objects reloaded before import = 0
Number of asset objects unloaded after import = 2
========================================================================
Received Import Request.
  Time since last request: 0.000010 seconds.
  path: Assets/ModularHousePack1/Art/Textures/BC_Tiles_001.png
  artifactKey: Guid(7f4ef18767c576642b30c0ed220e0cd7) Importer(815301076,1909f56bfc062723c751e8b465ee728b)
Start importing Assets/ModularHousePack1/Art/Textures/BC_Tiles_001.png using Guid(7f4ef18767c576642b30c0ed220e0cd7) Importer(815301076,1909f56bfc062723c751e8b465ee728b)  -> (artifact id: 'ef8695d424de8a41eefe751a8877ee89') in 0.009697 seconds
Number of updated asset objects reloaded before import = 0
Number of asset objects unloaded after import = 2
========================================================================
Received Import Request.
  Time since last request: 0.000010 seconds.
  path: Assets/ModularHousePack1/Art/Textures/AO_Tiles_001.png
  artifactKey: Guid(60528ba5231ddc445beb75fdb1edb27d) Importer(815301076,1909f56bfc062723c751e8b465ee728b)
Start importing Assets/ModularHousePack1/Art/Textures/AO_Tiles_001.png using Guid(60528ba5231ddc445beb75fdb1edb27d) Importer(815301076,1909f56bfc062723c751e8b465ee728b)  -> (artifact id: 'c02006277027e7fe3a1337850435d62a') in 0.009262 seconds
Number of updated asset objects reloaded before import = 0
Number of asset objects unloaded after import = 2
========================================================================
Received Import Request.
  Time since last request: 0.000009 seconds.
  path: Assets/ModularHousePack1/Art/Textures/Nr_Wood_007.png
  artifactKey: Guid(d01a59ce55ef5734caf7516a33b7700a) Importer(815301076,1909f56bfc062723c751e8b465ee728b)
Start importing Assets/ModularHousePack1/Art/Textures/Nr_Wood_007.png using Guid(d01a59ce55ef5734caf7516a33b7700a) Importer(815301076,1909f56bfc062723c751e8b465ee728b)  -> (artifact id: '23e6633b9ab125f0e363e41024dcc1c9') in 0.010693 seconds
Number of updated asset objects reloaded before import = 0
Number of asset objects unloaded after import = 2
========================================================================
Received Import Request.
  Time since last request: 0.000009 seconds.
  path: Assets/ModularHousePack1/Art/Textures/AO_Concrete_001.png
  artifactKey: Guid(bf883a6724561e644958849dd87335de) Importer(815301076,1909f56bfc062723c751e8b465ee728b)
Start importing Assets/ModularHousePack1/Art/Textures/AO_Concrete_001.png using Guid(bf883a6724561e644958849dd87335de) Importer(815301076,1909f56bfc062723c751e8b465ee728b)  -> (artifact id: '6aa01f6d6d2b19a088634bddf2f12b42') in 0.010671 seconds
Number of updated asset objects reloaded before import = 0
Number of asset objects unloaded after import = 2
========================================================================
Received Import Request.
  Time since last request: 0.000009 seconds.
  path: Assets/ModularHousePack1/Art/Textures/BC_Concrete_001.png
  artifactKey: Guid(a9443f74a630de648bd0896a5854f110) Importer(815301076,1909f56bfc062723c751e8b465ee728b)
Start importing Assets/ModularHousePack1/Art/Textures/BC_Concrete_001.png using Guid(a9443f74a630de648bd0896a5854f110) Importer(815301076,1909f56bfc062723c751e8b465ee728b)  -> (artifact id: '8ce799d784f28b2efcee27d456f86f1a') in 0.011003 seconds
Number of updated asset objects reloaded before import = 0
Number of asset objects unloaded after import = 2
========================================================================
Received Import Request.
  Time since last request: 0.000011 seconds.
  path: Assets/ModularHousePack1/Art/Textures/Rg_Marble_002.png
  artifactKey: Guid(c45119abb8a593548ad71e2ad8976137) Importer(815301076,1909f56bfc062723c751e8b465ee728b)
Start importing Assets/ModularHousePack1/Art/Textures/Rg_Marble_002.png using Guid(c45119abb8a593548ad71e2ad8976137) Importer(815301076,1909f56bfc062723c751e8b465ee728b)  -> (artifact id: 'e2593aaa56705108fb3f1bbff1585398') in 0.009279 seconds
Number of updated asset objects reloaded before import = 0
Number of asset objects unloaded after import = 2
========================================================================
Received Import Request.
  Time since last request: 0.000014 seconds.
  path: Assets/ModularHousePack1/Art/Textures/Hg_Ext_Tile_001.png
  artifactKey: Guid(c118ddea0b0ab13468f8ee778ea9cbd2) Importer(815301076,1909f56bfc062723c751e8b465ee728b)
Start importing Assets/ModularHousePack1/Art/Textures/Hg_Ext_Tile_001.png using Guid(c118ddea0b0ab13468f8ee778ea9cbd2) Importer(815301076,1909f56bfc062723c751e8b465ee728b)  -> (artifact id: '02edac293ef8e13486462df7eb5e7b3c') in 0.009737 seconds
Number of updated asset objects reloaded before import = 0
Number of asset objects unloaded after import = 2
========================================================================
Received Import Request.
  Time since last request: 0.000011 seconds.
  path: Assets/ModularHousePack1/Art/Textures/AO_Plate_001.png
  artifactKey: Guid(594fb5d4252e1e9469e289ca3aa59fb0) Importer(815301076,1909f56bfc062723c751e8b465ee728b)
Start importing Assets/ModularHousePack1/Art/Textures/AO_Plate_001.png using Guid(594fb5d4252e1e9469e289ca3aa59fb0) Importer(815301076,1909f56bfc062723c751e8b465ee728b)  -> (artifact id: '13d9904f924ea7ac418ab95465174d42') in 0.009752 seconds
Number of updated asset objects reloaded before import = 0
Number of asset objects unloaded after import = 2
========================================================================
Received Import Request.
  Time since last request: 0.000010 seconds.
  path: Assets/ModularHousePack1/Art/Textures/Nr_Iron_001.png
  artifactKey: Guid(11108257ce0dfaf42aa4b274d5186b61) Importer(815301076,1909f56bfc062723c751e8b465ee728b)
Start importing Assets/ModularHousePack1/Art/Textures/Nr_Iron_001.png using Guid(11108257ce0dfaf42aa4b274d5186b61) Importer(815301076,1909f56bfc062723c751e8b465ee728b)  -> (artifact id: 'ec15d99e6e6661b5e5b1808c0d21e6f9') in 0.012046 seconds
Number of updated asset objects reloaded before import = 0
Number of asset objects unloaded after import = 2
========================================================================
Received Import Request.
  Time since last request: 0.000010 seconds.
  path: Assets/ModularHousePack1/Art/Textures/Nr_Brick_001.png
  artifactKey: Guid(600ec05aa681d8d44a37b74757d3b1f7) Importer(815301076,1909f56bfc062723c751e8b465ee728b)
Start importing Assets/ModularHousePack1/Art/Textures/Nr_Brick_001.png using Guid(600ec05aa681d8d44a37b74757d3b1f7) Importer(815301076,1909f56bfc062723c751e8b465ee728b)  -> (artifact id: 'bdeede99d962ce8396c466e874967363') in 0.010095 seconds
Number of updated asset objects reloaded before import = 0
Number of asset objects unloaded after import = 2
========================================================================
Received Import Request.
  Time since last request: 0.000020 seconds.
  path: Assets/ModularHousePack1/Art/Textures/AO_Plaster_001.png
  artifactKey: Guid(ce31e0282ca1a46429c8586944fda1d6) Importer(815301076,1909f56bfc062723c751e8b465ee728b)
Start importing Assets/ModularHousePack1/Art/Textures/AO_Plaster_001.png using Guid(ce31e0282ca1a46429c8586944fda1d6) Importer(815301076,1909f56bfc062723c751e8b465ee728b)  -> (artifact id: 'fbff7c59ba415743c00ddf8ad03ef157') in 0.009856 seconds
Number of updated asset objects reloaded before import = 0
Number of asset objects unloaded after import = 2
========================================================================
Received Import Request.
  Time since last request: 0.000030 seconds.
  path: Assets/Texture/texture_stone.jpg
  artifactKey: Guid(269a42ded163c724db784b8379a92409) Importer(815301076,1909f56bfc062723c751e8b465ee728b)
Start importing Assets/Texture/texture_stone.jpg using Guid(269a42ded163c724db784b8379a92409) Importer(815301076,1909f56bfc062723c751e8b465ee728b)  -> (artifact id: '810515ef0e72df91eab0cda13bdd7df5') in 0.010425 seconds
Number of updated asset objects reloaded before import = 0
Number of asset objects unloaded after import = 2
Editor requested this worker to shutdown with reason: Scaling down because of idle timeout
TcpMessagingSession - receive error: operation aborted. errorcode: 995, details: ќпераци€ ввода/вывода была прервана из-за завершени€ потока команд или по запросу приложени€.
AssetImportWorker is now disconnected from the server
Process exiting
Exiting without the bug reporter. Application will terminate with return code 0